<?xml version="1.0" encoding="UTF-8"?>
<testsuite name="myFirstSpock" tests="1" skipped="0" failures="0" errors="0" timestamp="2017-01-01T05:50:29" hostname="Raj-PC" time="0.207">
  <properties/>
  <testcase name="my" classname="myFirstSpock" time="0.207"/>
  <system-out><![CDATA[setuppppppppppppppppppppppppp
cleanupppppppppppppppppppppp
setuppppppppppppppppppppppppp
cleanupppppppppppppppppppppp
setuppppppppppppppppppppppppp
cleanupppppppppppppppppppppp
]]></system-out>
  <system-err><![CDATA[]]></system-err>
</testsuite>
